[24846:24854:505502020559:INFO:chrome/browser/renderer_host/buffered_resource_handler.cc(210)] To buffer: http://www.ibm.com/us/en/
[24846:24854:505502020828:INFO:chrome/browser/renderer_host/buffered_resource_handler.cc(142)] Finished buffering http://www.ibm.com/us/en/
[24846:24861:505503742587:INFO:net/ocsp/nss_ocsp.cc(454)] OCSP create session: host=crl.geotrust.com port=80
[24846:24861:505503742631:INFO:net/ocsp/nss_ocsp.cc(486)] OCSP create protocol=http path_and_query=/crls/secureca.crl http_request_method=GET timeout=60000
[24846:24861:505503742652:INFO:net/ocsp/nss_ocsp.cc(434)] URL [http://crl.geotrust.com:80/crls/secureca.crl]
[24846:24861:505503742683:INFO:net/ocsp/nss_ocsp.cc(576)] OCSP try send and receive
[24846:24857:505503748321:INFO:net/ocsp/nss_ocsp.cc(454)] OCSP create session: host=crl.geotrust.com port=80
[24846:24857:505503748359:INFO:net/ocsp/nss_ocsp.cc(486)] OCSP create protocol=http path_and_query=/crls/secureca.crl http_request_method=GET timeout=60000
[24846:24857:505503748376:INFO:net/ocsp/nss_ocsp.cc(434)] URL [http://crl.geotrust.com:80/crls/secureca.crl]
[24846:24857:505503748402:INFO:net/ocsp/nss_ocsp.cc(576)] OCSP try send and receive
[24846:24854:505503751769:INFO:chrome/browser/renderer_host/buffered_resource_handler.cc(210)] To buffer: http://www.ibm.com/ibm100/us/en/icons/v17-hp.html?dojo.preventCache=1310509840972
[24846:24854:505503751885:INFO:chrome/browser/renderer_host/buffered_resource_handler.cc(142)] Finished buffering http://www.ibm.com/ibm100/us/en/icons/v17-hp.html?dojo.preventCache=1310509840972
[24846:24854:505503755115:INFO:chrome/browser/renderer_host/buffered_resource_handler.cc(180)] To buffer: http://www.ibm.com/common/press/newsticker.xml?dojo.preventCache=1310509840970
[24846:24854:505503757765:INFO:chrome/browser/renderer_host/buffered_resource_handler.cc(142)] Finished buffering http://www.ibm.com/common/press/newsticker.xml?dojo.preventCache=1310509840970
[24846:24861:505503896341:INFO:net/ocsp/nss_ocsp.cc(551)] OCSP response  response_code=200 content_type=application/pkix-crl header=HTTP/1.1 200 OK[24846:24861:505503896418:INFO:net/ocsp/nss_ocsp.cc(614)] OCSP free
[24846:24861:505503896439:INFO:net/ocsp/nss_ocsp.cc(474)] OCSP free session
[24846:24857:505503898158:INFO:net/ocsp/nss_ocsp.cc(551)] OCSP response  response_code=200 content_type=application/pkix-crl header=HTTP/1.1 200 OK[24846:24857:505503898201:INFO:net/ocsp/nss_ocsp.cc(614)] OCSP free
[24846:24857:505503898218:INFO:net/ocsp/nss_ocsp.cc(474)] OCSP free session
[24846:24857:505503900195:INFO:net/ocsp/nss_ocsp.cc(454)] OCSP create session: host=www.gstatic.com port=80
[24846:24857:505503900219:INFO:net/ocsp/nss_ocsp.cc(486)] OCSP create protocol=http path_and_query=/GoogleInternetAuthority/GoogleInternetAuthority.crl http_request_method=GET timeout=60000
[24846:24857:505503900237:INFO:net/ocsp/nss_ocsp.cc(434)] URL [http://www.gstatic.com:80/GoogleInternetAuthority/GoogleInternetAuthority.crl]
[24846:24857:505503900262:INFO:net/ocsp/nss_ocsp.cc(576)] OCSP try send and receive
[24846:24857:505503991085:INFO:net/ocsp/nss_ocsp.cc(551)] OCSP response  response_code=200 content_type=application/pkix-crl header=HTTP/1.1 200 OK[24846:24857:505503991160:INFO:net/ocsp/nss_ocsp.cc(614)] OCSP free
[24846:24857:505503991178:INFO:net/ocsp/nss_ocsp.cc(474)] OCSP free session
[24846:24866:505504168524:INFO:net/ocsp/nss_ocsp.cc(454)] OCSP create session: host=ocsp.thawte.com port=80
[24846:24866:505504168562:INFO:net/ocsp/nss_ocsp.cc(486)] OCSP create protocol=http path_and_query=/ http_request_method=POST timeout=60000
[24846:24866:505504168581:INFO:net/ocsp/nss_ocsp.cc(434)] URL [http://ocsp.thawte.com:80/]
[24846:24866:505504168609:INFO:net/ocsp/nss_ocsp.cc(511)] OCSP set post data len=103
[24846:24866:505504168627:INFO:net/ocsp/nss_ocsp.cc(576)] OCSP try send and receive
[24846:24866:505504317927:INFO:net/ocsp/nss_ocsp.cc(551)] OCSP response  response_code=200 content_type=application/ocsp-response header=HTTP/1.0 200 Ok[24846:24866:505504325029:INFO:net/ocsp/nss_ocsp.cc(614)] OCSP free
[24846:24866:505504325056:INFO:net/ocsp/nss_ocsp.cc(474)] OCSP free session
[24846:24866:505504328156:INFO:net/ocsp/nss_ocsp.cc(454)] OCSP create session: host=ocsp.thawte.com port=80
[24846:24866:505504328179:INFO:net/ocsp/nss_ocsp.cc(486)] OCSP create protocol=http path_and_query=/ http_request_method=POST timeout=60000
[24846:24866:505504328197:INFO:net/ocsp/nss_ocsp.cc(434)] URL [http://ocsp.thawte.com:80/]
[24846:24866:505504328222:INFO:net/ocsp/nss_ocsp.cc(511)] OCSP set post data len=115
[24846:24866:505504328239:INFO:net/ocsp/nss_ocsp.cc(576)] OCSP try send and receive
[24846:24866:505504605352:INFO:net/ocsp/nss_ocsp.cc(551)] OCSP response  response_code=200 content_type=application/ocsp-response header=HTTP/1.0 200 Ok[24846:24866:505504610791:INFO:net/ocsp/nss_ocsp.cc(614)] OCSP free
[24846:24866:505504610819:INFO:net/ocsp/nss_ocsp.cc(474)] OCSP free session
